# JRE version: Java(TM) SE Runtime Environment (18.0.2.1+1) (build 18.0.2.1+1-1)
# Java VM: Java HotSpot(TM) 64-Bit Server VM (18.0.2.1+1-1, mixed mode, sharing, tiered, compressed oops, compressed class ptrs, g1 gc, linux-amd64)
GC Precious Log:
 CardTable entry size: 512
 Card Set container configuration: InlinePtr #cards 5 size 8 Array Of Cards #cards 12 size 40 Howl #buckets 4 coarsen threshold 1843 Howl Bitmap #cards 512 size 80 coarsen threshold 460 Card regions per heap region 1 cards per card region 2048
 CPUs: 4 total, 4 available
 Memory: 15900M
 Large Page Support: Disabled
 NUMA Support: Disabled
 Compressed Oops: Enabled (32-bit)
 Heap Region Size: 1M
 Heap Min Capacity: 8M
 Heap Initial Capacity: 250M
 Heap Max Capacity: 2G
 Pre-touch: Disabled
 Parallel Workers: 4
 Concurrent Workers: 1
 Concurrent Refinement Workers: 4
 Periodic GC: Disabled
Heap:
 garbage-first heap   total 277504K, used 184236K [0x0000000080000000, 0x0000000100000000)
  region size 1024K, 17 young (17408K), 9 survivors (9216K)
 Metaspace       used 105608K, committed 108032K, reserved 552960K
  class space    used 14478K, committed 15680K, reserved 421888K
GC Heap History (20 events):
Event: 17.196 GC heap before
{Heap before GC invocations=30 (full 0):
 garbage-first heap   total 130048K, used 91218K [0x0000000080000000, 0x0000000100000000)
  region size 1024K, 19 young (19456K), 1 survivors (1024K)
 Metaspace       used 74257K, committed 76096K, reserved 487424K
  class space    used 10143K, committed 11072K, reserved 421888K
}
Event: 17.200 GC heap after
{Heap after GC invocations=31 (full 0):
 garbage-first heap   total 130048K, used 75840K [0x0000000080000000, 0x0000000100000000)
  region size 1024K, 2 young (2048K), 2 survivors (2048K)
 Metaspace       used 74257K, committed 76096K, reserved 487424K
  class space    used 10143K, committed 11072K, reserved 421888K
}
Event: 17.967 GC heap before
{Heap before GC invocations=32 (full 0):
 garbage-first heap   total 142336K, used 105536K [0x0000000080000000, 0x0000000100000000)
  region size 1024K, 31 young (31744K), 2 survivors (2048K)
 Metaspace       used 75239K, committed 77120K, reserved 552960K
  class space    used 10300K, committed 11264K, reserved 421888K
}
Event: 17.974 GC heap after
{Heap after GC invocations=33 (full 0):
 garbage-first heap   total 142336K, used 78181K [0x0000000080000000, 0x0000000100000000)
  region size 1024K, 4 young (4096K), 4 survivors (4096K)
 Metaspace       used 75239K, committed 77120K, reserved 552960K
  class space    used 10300K, committed 11264K, reserved 421888K
}
Event: 17.994 GC heap before
{Heap before GC invocations=33 (full 0):
 garbage-first heap   total 142336K, used 80229K [0x0000000080000000, 0x0000000100000000)
  region size 1024K, 6 young (6144K), 4 survivors (4096K)
 Metaspace       used 75239K, committed 77120K, reserved 552960K
  class space    used 10300K, committed 11264K, reserved 421888K
}
Event: 18.003 GC heap after
{Heap after GC invocations=34 (full 0):
 garbage-first heap   total 277504K, used 78364K [0x0000000080000000, 0x0000000100000000)
  region size 1024K, 1 young (1024K), 1 survivors (1024K)
 Metaspace       used 75239K, committed 77120K, reserved 552960K
  class space    used 10300K, committed 11264K, reserved 421888K
}
Event: 22.024 GC heap before
{Heap before GC invocations=34 (full 0):
 garbage-first heap   total 277504K, used 200220K [0x0000000080000000, 0x0000000100000000)
  region size 1024K, 121 young (123904K), 1 survivors (1024K)
 Metaspace       used 83378K, committed 85504K, reserved 552960K
  class space    used 11584K, committed 12672K, reserved 421888K
}
Event: 22.045 GC heap after
{Heap after GC invocations=35 (full 0):
 garbage-first heap   total 277504K, used 89812K [0x0000000080000000, 0x0000000100000000)
  region size 1024K, 12 young (12288K), 12 survivors (12288K)
 Metaspace       used 83378K, committed 85504K, reserved 552960K
  class space    used 11584K, committed 12672K, reserved 421888K
}
Event: 24.305 GC heap before
{Heap before GC invocations=35 (full 0):
 garbage-first heap   total 277504K, used 204500K [0x0000000080000000, 0x0000000100000000)
  region size 1024K, 124 young (126976K), 12 survivors (12288K)
 Metaspace       used 87177K, committed 89408K, reserved 552960K
  class space    used 12108K, committed 13248K, reserved 421888K
}
Event: 24.350 GC heap after
{Heap after GC invocations=36 (full 0):
 garbage-first heap   total 277504K, used 108034K [0x0000000080000000, 0x0000000100000000)
  region size 1024K, 16 young (16384K), 16 survivors (16384K)
 Metaspace       used 87177K, committed 89408K, reserved 552960K
  class space    used 12108K, committed 13248K, reserved 421888K
}
Event: 25.799 GC heap before
{Heap before GC invocations=36 (full 0):
 garbage-first heap   total 277504K, used 208386K [0x0000000080000000, 0x0000000100000000)
  region size 1024K, 114 young (116736K), 16 survivors (16384K)
 Metaspace       used 91012K, committed 93312K, reserved 552960K
  class space    used 12628K, committed 13824K, reserved 421888K
}
Event: 25.840 GC heap after
{Heap after GC invocations=37 (full 0):
 garbage-first heap   total 277504K, used 123820K [0x0000000080000000, 0x0000000100000000)
  region size 1024K, 14 young (14336K), 14 survivors (14336K)
 Metaspace       used 91012K, committed 93312K, reserved 552960K
  class space    used 12628K, committed 13824K, reserved 421888K
}
Event: 26.951 GC heap before
{Heap before GC invocations=37 (full 0):
 garbage-first heap   total 277504K, used 213932K [0x0000000080000000, 0x0000000100000000)
  region size 1024K, 102 young (104448K), 14 survivors (14336K)
 Metaspace       used 94837K, committed 97152K, reserved 552960K
  class space    used 13117K, committed 14336K, reserved 421888K
}
Event: 26.973 GC heap after
{Heap after GC invocations=38 (full 0):
 garbage-first heap   total 277504K, used 134572K [0x0000000080000000, 0x0000000100000000)
  region size 1024K, 11 young (11264K), 11 survivors (11264K)
 Metaspace       used 94837K, committed 97152K, reserved 552960K
  class space    used 13117K, committed 14336K, reserved 421888K
}
Event: 28.032 GC heap before
{Heap before GC invocations=38 (full 0):
 garbage-first heap   total 277504K, used 217516K [0x0000000080000000, 0x0000000100000000)
  region size 1024K, 92 young (94208K), 11 survivors (11264K)
 Metaspace       used 97447K, committed 99840K, reserved 552960K
  class space    used 13462K, committed 14656K, reserved 421888K
}
Event: 28.054 GC heap after
{Heap after GC invocations=39 (full 0):
 garbage-first heap   total 277504K, used 146348K [0x0000000080000000, 0x0000000100000000)
  region size 1024K, 12 young (12288K), 12 survivors (12288K)
 Metaspace       used 97447K, committed 99840K, reserved 552960K
  class space    used 13462K, committed 14656K, reserved 421888K
}
Event: 29.369 GC heap before
{Heap before GC invocations=39 (full 0):
 garbage-first heap   total 277504K, used 224172K [0x0000000080000000, 0x0000000100000000)
  region size 1024K, 84 young (86016K), 12 survivors (12288K)
 Metaspace       used 100669K, committed 103104K, reserved 552960K
  class space    used 13885K, committed 15104K, reserved 421888K
}
Event: 29.390 GC heap after
{Heap after GC invocations=40 (full 0):
 garbage-first heap   total 277504K, used 164780K [0x0000000080000000, 0x0000000100000000)
  region size 1024K, 11 young (11264K), 11 survivors (11264K)
 Metaspace       used 100669K, committed 103104K, reserved 552960K
  class space    used 13885K, committed 15104K, reserved 421888K
}
Event: 30.647 GC heap before
{Heap before GC invocations=40 (full 0):
 garbage-first heap   total 277504K, used 223148K [0x0000000080000000, 0x0000000100000000)
  region size 1024K, 68 young (69632K), 11 survivors (11264K)
 Metaspace       used 105423K, committed 107904K, reserved 552960K
  class space    used 14461K, committed 15680K, reserved 421888K
}
Event: 30.674 GC heap after
{Heap after GC invocations=41 (full 0):
 garbage-first heap   total 277504K, used 177068K [0x0000000080000000, 0x0000000100000000)
  region size 1024K, 9 young (9216K), 9 survivors (9216K)
 Metaspace       used 105423K, committed 107904K, reserved 552960K
  class space    used 14461K, committed 15680K, reserved 421888K
}

