# JRE version: Java(TM) SE Runtime Environment (18.0.2.1+1) (build 18.0.2.1+1-1)
# Java VM: Java HotSpot(TM) 64-Bit Server VM (18.0.2.1+1-1, mixed mode, sharing, tiered, compressed oops, compressed class ptrs, g1 gc, linux-amd64)
GC Precious Log:
 CardTable entry size: 512
 Card Set container configuration: InlinePtr #cards 5 size 8 Array Of Cards #cards 12 size 40 Howl #buckets 4 coarsen threshold 1843 Howl Bitmap #cards 512 size 80 coarsen threshold 460 Card regions per heap region 1 cards per card region 2048
 CPUs: 4 total, 4 available
 Memory: 15900M
 Large Page Support: Disabled
 NUMA Support: Disabled
 Compressed Oops: Enabled (32-bit)
 Heap Region Size: 1M
 Heap Min Capacity: 8M
 Heap Initial Capacity: 250M
 Heap Max Capacity: 2G
 Pre-touch: Disabled
 Parallel Workers: 4
 Concurrent Workers: 1
 Concurrent Refinement Workers: 4
 Periodic GC: Disabled
Heap:
 garbage-first heap   total 275456K, used 206764K [0x0000000080000000, 0x0000000100000000)
  region size 1024K, 101 young (103424K), 11 survivors (11264K)
 Metaspace       used 92236K, committed 94528K, reserved 552960K
  class space    used 12774K, committed 13952K, reserved 421888K
GC Heap History (20 events):
Event: 15.445 GC heap after
{Heap after GC invocations=26 (full 0):
 garbage-first heap   total 130048K, used 73565K [0x0000000080000000, 0x0000000100000000)
  region size 1024K, 3 young (3072K), 3 survivors (3072K)
 Metaspace       used 70967K, committed 72768K, reserved 487424K
  class space    used 9767K, committed 10688K, reserved 421888K
}
Event: 15.952 GC heap before
{Heap before GC invocations=27 (full 0):
 garbage-first heap   total 142336K, used 103261K [0x0000000080000000, 0x0000000100000000)
  region size 1024K, 33 young (33792K), 3 survivors (3072K)
 Metaspace       used 73241K, committed 75136K, reserved 487424K
  class space    used 10050K, committed 11008K, reserved 421888K
}
Event: 15.960 GC heap after
{Heap after GC invocations=28 (full 0):
 garbage-first heap   total 142336K, used 76594K [0x0000000080000000, 0x0000000100000000)
  region size 1024K, 4 young (4096K), 4 survivors (4096K)
 Metaspace       used 73241K, committed 75136K, reserved 487424K
  class space    used 10050K, committed 11008K, reserved 421888K
}
Event: 15.985 GC heap before
{Heap before GC invocations=28 (full 0):
 garbage-first heap   total 142336K, used 78642K [0x0000000080000000, 0x0000000100000000)
  region size 1024K, 6 young (6144K), 4 survivors (4096K)
 Metaspace       used 73454K, committed 75328K, reserved 487424K
  class space    used 10078K, committed 11008K, reserved 421888K
}
Event: 15.989 GC heap after
{Heap after GC invocations=29 (full 0):
 garbage-first heap   total 142336K, used 76849K [0x0000000080000000, 0x0000000100000000)
  region size 1024K, 1 young (1024K), 1 survivors (1024K)
 Metaspace       used 73454K, committed 75328K, reserved 487424K
  class space    used 10078K, committed 11008K, reserved 421888K
}
Event: 16.111 GC heap before
{Heap before GC invocations=29 (full 0):
 garbage-first heap   total 142336K, used 81969K [0x0000000080000000, 0x0000000100000000)
  region size 1024K, 8 young (8192K), 1 survivors (1024K)
 Metaspace       used 74167K, committed 76032K, reserved 487424K
  class space    used 10140K, committed 11072K, reserved 421888K
}
Event: 16.113 GC heap after
{Heap after GC invocations=30 (full 0):
 garbage-first heap   total 142336K, used 77412K [0x0000000080000000, 0x0000000100000000)
  region size 1024K, 1 young (1024K), 1 survivors (1024K)
 Metaspace       used 74167K, committed 76032K, reserved 487424K
  class space    used 10140K, committed 11072K, reserved 421888K
}
Event: 16.815 GC heap before
{Heap before GC invocations=31 (full 0):
 garbage-first heap   total 147456K, used 114276K [0x0000000080000000, 0x0000000100000000)
  region size 1024K, 36 young (36864K), 1 survivors (1024K)
 Metaspace       used 75155K, committed 77120K, reserved 552960K
  class space    used 10298K, committed 11328K, reserved 421888K
}
Event: 16.823 GC heap after
{Heap after GC invocations=32 (full 0):
 garbage-first heap   total 147456K, used 80296K [0x0000000080000000, 0x0000000100000000)
  region size 1024K, 4 young (4096K), 4 survivors (4096K)
 Metaspace       used 75155K, committed 77120K, reserved 552960K
  class space    used 10298K, committed 11328K, reserved 421888K
}
Event: 16.876 GC heap before
{Heap before GC invocations=32 (full 0):
 garbage-first heap   total 147456K, used 83368K [0x0000000080000000, 0x0000000100000000)
  region size 1024K, 7 young (7168K), 4 survivors (4096K)
 Metaspace       used 75213K, committed 77184K, reserved 552960K
  class space    used 10309K, committed 11328K, reserved 421888K
}
Event: 16.884 GC heap after
{Heap after GC invocations=33 (full 0):
 garbage-first heap   total 147456K, used 80427K [0x0000000080000000, 0x0000000100000000)
  region size 1024K, 1 young (1024K), 1 survivors (1024K)
 Metaspace       used 75213K, committed 77184K, reserved 552960K
  class space    used 10309K, committed 11328K, reserved 421888K
}
Event: 19.542 GC heap before
{Heap before GC invocations=33 (full 0):
 garbage-first heap   total 147456K, used 117291K [0x0000000080000000, 0x0000000100000000)
  region size 1024K, 37 young (37888K), 1 survivors (1024K)
 Metaspace       used 77613K, committed 79616K, reserved 552960K
  class space    used 10683K, committed 11712K, reserved 421888K
}
Event: 19.549 GC heap after
{Heap after GC invocations=34 (full 0):
 garbage-first heap   total 275456K, used 83662K [0x0000000080000000, 0x0000000100000000)
  region size 1024K, 5 young (5120K), 5 survivors (5120K)
 Metaspace       used 77613K, committed 79616K, reserved 552960K
  class space    used 10683K, committed 11712K, reserved 421888K
}
Event: 21.638 GC heap before
{Heap before GC invocations=35 (full 0):
 garbage-first heap   total 275456K, used 197326K [0x0000000080000000, 0x0000000100000000)
  region size 1024K, 116 young (118784K), 5 survivors (5120K)
 Metaspace       used 84832K, committed 86976K, reserved 552960K
  class space    used 11782K, committed 12864K, reserved 421888K
}
Event: 21.667 GC heap after
{Heap after GC invocations=36 (full 0):
 garbage-first heap   total 275456K, used 95569K [0x0000000080000000, 0x0000000100000000)
  region size 1024K, 15 young (15360K), 15 survivors (15360K)
 Metaspace       used 84832K, committed 86976K, reserved 552960K
  class space    used 11782K, committed 12864K, reserved 421888K
}
Event: 21.692 GC heap before
{Heap before GC invocations=36 (full 0):
 garbage-first heap   total 275456K, used 96593K [0x0000000080000000, 0x0000000100000000)
  region size 1024K, 16 young (16384K), 15 survivors (15360K)
 Metaspace       used 84971K, committed 87104K, reserved 552960K
  class space    used 11824K, committed 12928K, reserved 421888K
}
Event: 21.710 GC heap after
{Heap after GC invocations=37 (full 0):
 garbage-first heap   total 275456K, used 97456K [0x0000000080000000, 0x0000000100000000)
  region size 1024K, 2 young (2048K), 2 survivors (2048K)
 Metaspace       used 84971K, committed 87104K, reserved 552960K
  class space    used 11824K, committed 12928K, reserved 421888K
}
Event: 23.652 GC heap before
{Heap before GC invocations=37 (full 0):
 garbage-first heap   total 275456K, used 203952K [0x0000000080000000, 0x0000000100000000)
  region size 1024K, 107 young (109568K), 2 survivors (2048K)
 Metaspace       used 87507K, committed 89856K, reserved 552960K
  class space    used 12154K, committed 13376K, reserved 421888K
}
Event: 23.674 GC heap after
{Heap after GC invocations=38 (full 0):
 garbage-first heap   total 275456K, used 114604K [0x0000000080000000, 0x0000000100000000)
  region size 1024K, 14 young (14336K), 14 survivors (14336K)
 Metaspace       used 87507K, committed 89856K, reserved 552960K
  class space    used 12154K, committed 13376K, reserved 421888K
}
Event: 24.739 GC heap before
{Heap before GC invocations=38 (full 0):
 garbage-first heap   total 275456K, used 206764K [0x0000000080000000, 0x0000000100000000)
  region size 1024K, 104 young (106496K), 14 survivors (14336K)
 Metaspace       used 92236K, committed 94528K, reserved 552960K
  class space    used 12774K, committed 13952K, reserved 421888K
}

